<?xml version="1.0" encoding="UTF-8"?>
<testng-results ignored="0" total="1" passed="1" failed="0" skipped="0">
  <reporter-output>
  </reporter-output>
  <suite started-at="2024-02-26T16:37:14 IST" name="Default suite" finished-at="2024-02-26T16:37:21 IST" duration-ms="7406">
    <groups>
    </groups>
    <test started-at="2024-02-26T16:37:14 IST" name="Default test" finished-at="2024-02-26T16:37:21 IST" duration-ms="7406">
      <class name="AutomationTool.com.Slider">
        <test-method signature="slide()[pri:0, instance:AutomationTool.com.Slider@6340e5f0]" started-at="2024-02-26T16:37:14 IST" name="slide" finished-at="2024-02-26T16:37:21 IST" duration-ms="7353" status="PASS">
          <reporter-output>
          </reporter-output>
        </test-method> <!-- slide -->
      </class> <!-- AutomationTool.com.Slider -->
    </test> <!-- Default test -->
  </suite> <!-- Default suite -->
</testng-results>
